c:\fivem\gtao\fivem.app\plugins\sceehmenu\sceehmenu\x64\debug\vc141.pdb
c:\fivem\gtao\fivem.app\plugins\sceehmenu\sceehmenu\x64\debug\vc141.idb
c:\fivem\gtao\fivem.app\plugins\sceehmenu\sceehmenu\x64\debug\util.obj
c:\fivem\gtao\fivem.app\plugins\sceehmenu\sceehmenu\x64\debug\stdafx.obj
c:\fivem\gtao\fivem.app\plugins\sceehmenu\sceehmenu\x64\debug\script_player.obj
c:\fivem\gtao\fivem.app\plugins\sceehmenu\sceehmenu\x64\debug\script.obj
c:\fivem\gtao\fivem.app\plugins\sceehmenu\sceehmenu\x64\debug\menu.obj
c:\fivem\gtao\fivem.app\plugins\sceehmenu\sceehmenu\x64\debug\main.obj
d:\steamlibrary\steamapps\common\grand theft auto v\sceehmenu.asi
d:\steamlibrary\steamapps\common\grand theft auto v\sceehmenu.ilk
d:\steamlibrary\steamapps\common\grand theft auto v\sceehmenu.pdb
d:\steamlibrary\steamapps\common\grand theft auto v\sceehmenu.ipdb
d:\steamlibrary\steamapps\common\grand theft auto v\sceehmenu.iobj
c:\fivem\gtao\fivem.app\plugins\sceehmenu\sceehmenu\x64\debug\sceehmenu.tlog\cl.command.1.tlog
c:\fivem\gtao\fivem.app\plugins\sceehmenu\sceehmenu\x64\debug\sceehmenu.tlog\cl.read.1.tlog
c:\fivem\gtao\fivem.app\plugins\sceehmenu\sceehmenu\x64\debug\sceehmenu.tlog\cl.write.1.tlog
c:\fivem\gtao\fivem.app\plugins\sceehmenu\sceehmenu\x64\debug\sceehmenu.tlog\link.command.1.tlog
c:\fivem\gtao\fivem.app\plugins\sceehmenu\sceehmenu\x64\debug\sceehmenu.tlog\link.delete.1.tlog
c:\fivem\gtao\fivem.app\plugins\sceehmenu\sceehmenu\x64\debug\sceehmenu.tlog\link.read.1.tlog
c:\fivem\gtao\fivem.app\plugins\sceehmenu\sceehmenu\x64\debug\sceehmenu.tlog\link.write.1.tlog
c:\fivem\gtao\fivem.app\plugins\sceehmenu\sceehmenu\x64\debug\sceehmenu.tlog\sceehmenu.write.1u.tlog
